2024-12-10 21:23:43,124 - INFO - Loading dataset...
2024-12-10 21:23:43,133 - INFO - Dataset loaded successfully with shape: (193, 26)
2024-12-10 21:23:43,133 - INFO - Preparing data for K-Means...
2024-12-10 21:23:43,145 - INFO - Data scaled successfully.
2024-12-10 21:23:43,146 - INFO - Evaluating K-Means solutions...
2024-12-10 21:32:57,622 - INFO - Loading dataset...
2024-12-10 21:32:57,636 - INFO - Dataset loaded successfully with shape: (193, 26)
2024-12-10 21:32:57,637 - INFO - Preparing data for K-Means...
2024-12-10 21:32:57,648 - INFO - Data scaled successfully.
2024-12-10 21:32:57,649 - INFO - Evaluating K-Means solutions...
2024-12-10 21:33:43,975 - INFO - K-Means evaluation metrics:
                Elbow  Silhouette  Calinski-Harabasz  Davies-Bouldin
Solution                                                            
3         2229.169713    0.309052          77.725745        1.449059
4         2040.862301    0.247171          62.113292        1.527747
5         1871.663289    0.151077          54.776319        1.667486
6         1721.081190    0.153394          50.673823        1.714823
2024-12-10 21:33:43,975 - INFO - Training K-Means with 3 clusters...
2024-12-10 21:33:44,002 - INFO - K-Means model saved to /Users/ricardoheredia/Desktop/data-driven-scouting-project/models/kmeans_model_updated_championship_data.pkl
2024-12-10 21:33:44,003 - INFO - Assigning clusters to data...
2024-12-10 21:33:44,005 - INFO - Saving scaled dataset with clusters to /Users/ricardoheredia/Desktop/data-driven-scouting-project/data/transformed/df_training_championship_scaled_labeled.csv...
2024-12-10 21:33:44,018 - INFO - Adding clusters to the original dataset...
2024-12-10 21:33:44,019 - INFO - Saving original dataset with clusters to /Users/ricardoheredia/Desktop/data-driven-scouting-project/data/transformed/df_training_championship_unscaled_labeled.csv...
2024-12-10 21:33:44,025 - INFO - K-Means pipeline completed successfully!
